<?xml version="1.0" encoding="UTF-8"?>
<!-- Generated by org.testng.reporters.JUnitXMLReporter -->
<testsuite ignored="0" hostname="DESKTOP-E27VPVB" failures="0" tests="4" name="Default test" time="83.73" errors="0" timestamp="2024-03-19T11:08:43 IST">
  <testcase classname="com.eva.listener.NormalClass" name="m1" time="16.332"/>
  <testcase classname="com.eva.listener.NormalClass" name="m1" time="22.894"/>
  <testcase classname="com.eva.listener.NormalClass" name="m1" time="20.73"/>
  <testcase classname="com.eva.listener.NormalClass" name="m1" time="23.688"/>
</testsuite> <!-- Default test -->
