<?xml version="1.0" encoding="UTF-8"?>
<testng-results ignored="0" total="4" passed="4" failed="0" skipped="0">
  <reporter-output>
  </reporter-output>
  <suite started-at="2024-03-19T11:07:20 IST" name="Default suite" finished-at="2024-03-19T11:08:43 IST" duration-ms="83730">
    <groups>
    </groups>
    <test started-at="2024-03-19T11:07:20 IST" name="Default test" finished-at="2024-03-19T11:08:43 IST" duration-ms="83730">
      <class name="com.eva.listener.NormalClass">
        <test-method signature="m1(java.lang.String,int,int)[pri:0, instance:com.eva.listener.NormalClass@4135c3b]" started-at="2024-03-19T11:07:20 IST" name="m1" data-provider="mobileEmulation" finished-at="2024-03-19T11:07:36 IST" duration-ms="16332" status="PASS">
          <params>
            <param index="0">
              <value>
                <![CDATA[BlackBerry Z30]]>
              </value>
            </param>
            <param index="1">
              <value>
                <![CDATA[60]]>
              </value>
            </param>
            <param index="2">
              <value>
                <![CDATA[640]]>
              </value>
            </param>
          </params>
          <reporter-output>
          </reporter-output>
        </test-method> <!-- m1 -->
        <test-method signature="m1(java.lang.String,int,int)[pri:0, instance:com.eva.listener.NormalClass@4135c3b]" started-at="2024-03-19T11:07:36 IST" name="m1" data-provider="mobileEmulation" finished-at="2024-03-19T11:07:59 IST" duration-ms="22894" status="PASS">
          <params>
            <param index="0">
              <value>
                <![CDATA[Blackberry PlayBook]]>
              </value>
            </param>
            <param index="1">
              <value>
                <![CDATA[600]]>
              </value>
            </param>
            <param index="2">
              <value>
                <![CDATA[1024]]>
              </value>
            </param>
          </params>
          <reporter-output>
          </reporter-output>
        </test-method> <!-- m1 -->
        <test-method signature="m1(java.lang.String,int,int)[pri:0, instance:com.eva.listener.NormalClass@4135c3b]" started-at="2024-03-19T11:07:59 IST" name="m1" data-provider="mobileEmulation" finished-at="2024-03-19T11:08:20 IST" duration-ms="20730" status="PASS">
          <params>
            <param index="0">
              <value>
                <![CDATA[Galaxy Note 3]]>
              </value>
            </param>
            <param index="1">
              <value>
                <![CDATA[360]]>
              </value>
            </param>
            <param index="2">
              <value>
                <![CDATA[640]]>
              </value>
            </param>
          </params>
          <reporter-output>
          </reporter-output>
        </test-method> <!-- m1 -->
        <test-method signature="m1(java.lang.String,int,int)[pri:0, instance:com.eva.listener.NormalClass@4135c3b]" started-at="2024-03-19T11:08:20 IST" name="m1" data-provider="mobileEmulation" finished-at="2024-03-19T11:08:43 IST" duration-ms="23688" status="PASS">
          <params>
            <param index="0">
              <value>
                <![CDATA[Galaxy Note II]]>
              </value>
            </param>
            <param index="1">
              <value>
                <![CDATA[360]]>
              </value>
            </param>
            <param index="2">
              <value>
                <![CDATA[640]]>
              </value>
            </param>
          </params>
          <reporter-output>
          </reporter-output>
        </test-method> <!-- m1 -->
      </class> <!-- com.eva.listener.NormalClass -->
    </test> <!-- Default test -->
  </suite> <!-- Default suite -->
</testng-results>
